Using pre-set license
Built from '2020.3/staging' branch; Version is '2020.3.29f1 (2ff179115da0) revision 3142009'; Using compiler version '192528614'; Build Type 'Release'
OS: 'Windows 10  (10.0.19041) 64bit ProfessionalWorkstation' Language: 'en' Physical Memory: 7862 MB
BatchMode: 1, IsHumanControllingUs: 0, StartBugReporterOnCrash: 0, Is64bit: 1, IsPro: 0

COMMAND LINE ARGUMENTS:
C:\Program Files\Unity\Hub\Editor\2020.3.29f1\Editor\Unity.exe
-adb2
-batchMode
-noUpm
-name
AssetImportWorker0
-projectPath
C:/Users/fabio/Documents/estudos/fabiolealsc/unity/My project (1)
-logFile
Logs/AssetImportWorker0.log
-srvPort
60583
Successfully changed project path to: C:/Users/fabio/Documents/estudos/fabiolealsc/unity/My project (1)
C:/Users/fabio/Documents/estudos/fabiolealsc/unity/My project (1)
Using Asset Import Pipeline V2.
Refreshing native plugins compatible for Editor in 65.67 ms, found 2 plugins.
Preloading 0 native plugins for Editor in 0.00 ms.
Initialize engine version: 2020.3.29f1 (2ff179115da0)
[Subsystems] Discovering subsystems at path C:/Program Files/Unity/Hub/Editor/2020.3.29f1/Editor/Data/Resources/UnitySubsystems
[Subsystems] Discovering subsystems at path C:/Users/fabio/Documents/estudos/fabiolealsc/unity/My project (1)/Assets
GfxDevice: creating device client; threaded=0
Direct3D:
    Version:  Direct3D 11.0 [level 10.0]
    Renderer: Intel(R) HD Graphics (ID=0x46)
    Vendor:   
    VRAM:     128 MB
    Driver:   8.15.10.2900
Initialize mono
Mono path[0] = 'C:/Program Files/Unity/Hub/Editor/2020.3.29f1/Editor/Data/Managed'
Mono path[1] = 'C:/Program Files/Unity/Hub/Editor/2020.3.29f1/Editor/Data/MonoBleedingEdge/lib/mono/unityjit'
Mono config path = 'C:/Program Files/Unity/Hub/Editor/2020.3.29f1/Editor/Data/MonoBleedingEdge/etc'
Using monoOptions --debugger-agent=transport=dt_socket,embedding=1,server=y,suspend=n,address=127.0.0.1:56660
Begin MonoManager ReloadAssembly
Registering precompiled unity dll's ...
Register platform support module: C:/Program Files/Unity/Hub/Editor/2020.3.29f1/Editor/Data/PlaybackEngines/WebGLSupport/UnityEditor.WebGL.Extensions.dll
Register platform support module: C:/Program Files/Unity/Hub/Editor/2020.3.29f1/Editor/Data/PlaybackEngines/WindowsStandaloneSupport/UnityEditor.WindowsStandalone.Extensions.dll
Registered in 0.004910 seconds.
Native extension for WindowsStandalone target not found
Native extension for WebGL target not found
Refreshing native plugins compatible for Editor in 65.48 ms, found 2 plugins.
Preloading 0 native plugins for Editor in 0.00 ms.
Mono: successfully reloaded assembly
- Completed reload, in  1.228 seconds
Domain Reload Profiling:
	ReloadAssembly (1229ms)
		BeginReloadAssembly (144ms)
			ExecutionOrderSort (0ms)
			DisableScriptedObjects (0ms)
			BackupInstance (0ms)
			ReleaseScriptingObjects (0ms)
			CreateAndSetChildDomain (2ms)
		EndReloadAssembly (939ms)
			LoadAssemblies (140ms)
			RebuildTransferFunctionScriptingTraits (0ms)
			SetupTypeCache (307ms)
			ReleaseScriptCaches (0ms)
			RebuildScriptCaches (61ms)
			SetupLoadedEditorAssemblies (359ms)
				LogAssemblyErrors (0ms)
				InitializePlatformSupportModulesInManaged (11ms)
				SetLoadedEditorAssemblies (0ms)
				RefreshPlugins (66ms)
				BeforeProcessingInitializeOnLoad (31ms)
				ProcessInitializeOnLoadAttributes (186ms)
				ProcessInitializeOnLoadMethodAttributes (66ms)
				AfterProcessingInitializeOnLoad (0ms)
				EditorAssembliesLoaded (0ms)
			ExecutionOrderSort2 (0ms)
			AwakeInstancesAfterBackupRestoration (0ms)
Platform modules already initialized, skipping
Registering precompiled user dll's ...
Registered in 0.006007 seconds.
Begin MonoManager ReloadAssembly
Native extension for WindowsStandalone target not found
Native extension for WebGL target not found
Refreshing native plugins compatible for Editor in 0.85 ms, found 2 plugins.
Preloading 0 native plugins for Editor in 0.00 ms.
Mono: successfully reloaded assembly
- Completed reload, in  2.253 seconds
Domain Reload Profiling:
	ReloadAssembly (2255ms)
		BeginReloadAssembly (321ms)
			ExecutionOrderSort (0ms)
			DisableScriptedObjects (11ms)
			BackupInstance (0ms)
			ReleaseScriptingObjects (0ms)
			CreateAndSetChildDomain (39ms)
		EndReloadAssembly (1806ms)
			LoadAssemblies (206ms)
			RebuildTransferFunctionScriptingTraits (0ms)
			SetupTypeCache (715ms)
			ReleaseScriptCaches (1ms)
			RebuildScriptCaches (92ms)
			SetupLoadedEditorAssemblies (629ms)
				LogAssemblyErrors (0ms)
				InitializePlatformSupportModulesInManaged (11ms)
				SetLoadedEditorAssemblies (1ms)
				RefreshPlugins (1ms)
				BeforeProcessingInitializeOnLoad (167ms)
				ProcessInitializeOnLoadAttributes (416ms)
				ProcessInitializeOnLoadMethodAttributes (18ms)
				AfterProcessingInitializeOnLoad (14ms)
				EditorAssembliesLoaded (1ms)
			ExecutionOrderSort2 (0ms)
			AwakeInstancesAfterBackupRestoration (15ms)
Platform modules already initialized, skipping
========================================================================
Worker process is ready to serve import requests
Launched and connected shader compiler UnityShaderCompiler.exe after 0.12 seconds
Refreshing native plugins compatible for Editor in 0.73 ms, found 2 plugins.
Preloading 0 native plugins for Editor in 0.00 ms.
Unloading 1503 Unused Serialized files (Serialized files now loaded: 0)
System memory in use before: 79.6 MB.
System memory in use after: 79.7 MB.

Unloading 16 unused Assets to reduce memory usage. Loaded Objects now: 1951.
Total: 6.183400 ms (FindLiveObjects: 0.267900 ms CreateObjectMapping: 0.102400 ms MarkObjects: 5.610500 ms  DeleteObjects: 0.199500 ms)

AssetImportParameters requested are different than current active one (requested -> active):
  custom:framework-win-MediaFoundation: 216162199b28c13a410421893ffa2e32 -> 
  custom:video-decoder-ogg-theora: a1e56fd34408186e4bbccfd4996cb3dc -> 
  custom:container-muxer-webm: aa71ff27fc2769a1b78a27578f13a17b -> 
  custom:container-demuxer-webm: 4f35f7cbe854078d1ac9338744f61a02 -> 
  custom:container-demuxer-ogg: 62fdf1f143b41e24485cea50d1cbac27 -> 
  custom:video-encoder-webm-vp8: eb34c28f22e8b96e1ab97ce403110664 -> 
  custom:video-decoder-webm-vp8: 9c59270c3fd7afecdb556c50c9e8de78 -> 
  custom:audio-decoder-ogg-vorbis: bf7c407c2cedff20999df2af8eb42d56 -> 
  custom:audio-encoder-webm-vorbis: bf7c407c2cedff20999df2af8eb42d56 -> 
========================================================================
Received Import Request.
  path: Assets/Animations
  artifactKey: Guid(b9b6d0f4cab17c5448195d430b5c1b87) Importer(815301076,1909f56bfc062723c751e8b465ee728b)
Start importing Assets/Animations using Guid(b9b6d0f4cab17c5448195d430b5c1b87) Importer(815301076,1909f56bfc062723c751e8b465ee728b)  -> (artifact id: '488bd1e3f68eaca858dd10092649ecc7') in 0.017595 seconds 
  Import took 0.021879 seconds .

========================================================================
Received Import Request.
  Time since last request: 28.234592 seconds.
  path: Assets/Animações
  artifactKey: Guid(298d59f35cef54d458343f59f6bbd1c4) Importer(815301076,1909f56bfc062723c751e8b465ee728b)
Start importing Assets/Animações using Guid(298d59f35cef54d458343f59f6bbd1c4) Importer(815301076,1909f56bfc062723c751e8b465ee728b)  -> (artifact id: 'a5e7ae9b2de916ba1e1d7feb04e100a4') in 0.016105 seconds 
  Import took 0.022337 seconds .

========================================================================
Received Import Request.
  Time since last request: 0.090597 seconds.
  path: Assets/Animações/Idle.fbx
  artifactKey: Guid(c26c34c2b1a07824798594104a9e2e8c) Importer(815301076,1909f56bfc062723c751e8b465ee728b)
Start importing Assets/Animações/Idle.fbx using Guid(c26c34c2b1a07824798594104a9e2e8c) Importer(815301076,1909f56bfc062723c751e8b465ee728b)  -> (artifact id: 'ccafc71c21484d3ba6e34c27c89f8273') in 0.133390 seconds 
  Import took 0.139599 seconds .

========================================================================
Received Import Request.
  Time since last request: 0.000368 seconds.
  path: Assets/Animações/Right Strafe Walking.fbx
  artifactKey: Guid(e5e48cfeea448394ea8a7c3eb731892d) Importer(815301076,1909f56bfc062723c751e8b465ee728b)
Start importing Assets/Animações/Right Strafe Walking.fbx using Guid(e5e48cfeea448394ea8a7c3eb731892d) Importer(815301076,1909f56bfc062723c751e8b465ee728b)  -> (artifact id: 'aa80e194945c3c5b2373233f084410f4') in 0.027781 seconds 
  Import took 0.034290 seconds .

========================================================================
Received Import Request.
  Time since last request: 0.000394 seconds.
  path: Assets/Animações/Left Strafe Walking.fbx
  artifactKey: Guid(999591b7df0e83a46bf74f93bc04b8e8) Importer(815301076,1909f56bfc062723c751e8b465ee728b)
Start importing Assets/Animações/Left Strafe Walking.fbx using Guid(999591b7df0e83a46bf74f93bc04b8e8) Importer(815301076,1909f56bfc062723c751e8b465ee728b)  -> (artifact id: '5f904e0e826d3b21786e3caf878f21ae') in 0.027029 seconds 
  Import took 0.032980 seconds .

========================================================================
Received Import Request.
  Time since last request: 0.000351 seconds.
  path: Assets/Animações/Walking Backward.fbx
  artifactKey: Guid(a356c359f2e6047438ef21c749cbbc57) Importer(815301076,1909f56bfc062723c751e8b465ee728b)
Start importing Assets/Animações/Walking Backward.fbx using Guid(a356c359f2e6047438ef21c749cbbc57) Importer(815301076,1909f56bfc062723c751e8b465ee728b)  -> (artifact id: '51a830d61b99e973c57ef314f7572aa1') in 0.032506 seconds 
  Import took 0.038614 seconds .

========================================================================
Received Import Request.
  Time since last request: 0.000365 seconds.
  path: Assets/Animações/Walking Forward.fbx
  artifactKey: Guid(30f097577c5b4444cb09f20d3665a3b4) Importer(815301076,1909f56bfc062723c751e8b465ee728b)
Start importing Assets/Animações/Walking Forward.fbx using Guid(30f097577c5b4444cb09f20d3665a3b4) Importer(815301076,1909f56bfc062723c751e8b465ee728b)  -> (artifact id: '636734032db03b411569c91f8553485d') in 0.024439 seconds 
  Import took 0.029941 seconds .

========================================================================
Received Import Request.
  Time since last request: 108.522807 seconds.
  path: Assets/Animações/Player.controller
  artifactKey: Guid(103da4b1450463e40a2abb0f29562a9b) Importer(815301076,1909f56bfc062723c751e8b465ee728b)
Start importing Assets/Animações/Player.controller using Guid(103da4b1450463e40a2abb0f29562a9b) Importer(815301076,1909f56bfc062723c751e8b465ee728b)  -> (artifact id: '5824044d6325ba2f332a9b04cb4f3b22') in 0.020392 seconds 
  Import took 0.027853 seconds .

========================================================================
Received Import Request.
  Time since last request: 447.346381 seconds.
  path: Assets/Scripts/PlayerController.cs
  artifactKey: Guid(9686f23eb5c19974ba0f89a02d22f1e3) Importer(815301076,1909f56bfc062723c751e8b465ee728b)
Start importing Assets/Scripts/PlayerController.cs using Guid(9686f23eb5c19974ba0f89a02d22f1e3) Importer(815301076,1909f56bfc062723c751e8b465ee728b)  -> (artifact id: '7c4641d0f2614ae9e96253e9ee629224') in 0.037062 seconds 
  Import took 0.042569 seconds .

========================================================================
Received Prepare
Registering precompiled user dll's ...
Registered in 0.008886 seconds.
Begin MonoManager ReloadAssembly
Native extension for WindowsStandalone target not found
Native extension for WebGL target not found
Refreshing native plugins compatible for Editor in 1.09 ms, found 2 plugins.
Preloading 0 native plugins for Editor in 0.00 ms.
Mono: successfully reloaded assembly
- Completed reload, in  3.685 seconds
Domain Reload Profiling:
	ReloadAssembly (3688ms)
		BeginReloadAssembly (382ms)
			ExecutionOrderSort (0ms)
			DisableScriptedObjects (15ms)
			BackupInstance (0ms)
			ReleaseScriptingObjects (0ms)
			CreateAndSetChildDomain (106ms)
		EndReloadAssembly (3133ms)
			LoadAssemblies (280ms)
			RebuildTransferFunctionScriptingTraits (0ms)
			SetupTypeCache (1065ms)
			ReleaseScriptCaches (3ms)
			RebuildScriptCaches (151ms)
			SetupLoadedEditorAssemblies (1293ms)
				LogAssemblyErrors (0ms)
				InitializePlatformSupportModulesInManaged (25ms)
				SetLoadedEditorAssemblies (2ms)
				RefreshPlugins (1ms)
				BeforeProcessingInitializeOnLoad (265ms)
				ProcessInitializeOnLoadAttributes (942ms)
				ProcessInitializeOnLoadMethodAttributes (36ms)
				AfterProcessingInitializeOnLoad (22ms)
				EditorAssembliesLoaded (1ms)
			ExecutionOrderSort2 (0ms)
			AwakeInstancesAfterBackupRestoration (22ms)
Platform modules already initialized, skipping
Refreshing native plugins compatible for Editor in 0.84 ms, found 2 plugins.
Preloading 0 native plugins for Editor in 0.00 ms.
Unloading 1497 Unused Serialized files (Serialized files now loaded: 0)
System memory in use before: 79.7 MB.
System memory in use after: 79.8 MB.

Unloading 11 unused Assets to reduce memory usage. Loaded Objects now: 1953.
Total: 5.470900 ms (FindLiveObjects: 0.288500 ms CreateObjectMapping: 0.106600 ms MarkObjects: 5.023500 ms  DeleteObjects: 0.049600 ms)

AssetImportParameters requested are different than current active one (requested -> active):
  custom:framework-win-MediaFoundation: 216162199b28c13a410421893ffa2e32 -> 
  custom:video-decoder-ogg-theora: a1e56fd34408186e4bbccfd4996cb3dc -> 
  custom:container-muxer-webm: aa71ff27fc2769a1b78a27578f13a17b -> 
  custom:container-demuxer-webm: 4f35f7cbe854078d1ac9338744f61a02 -> 
  custom:container-demuxer-ogg: 62fdf1f143b41e24485cea50d1cbac27 -> 
  custom:video-encoder-webm-vp8: eb34c28f22e8b96e1ab97ce403110664 -> 
  custom:video-decoder-webm-vp8: 9c59270c3fd7afecdb556c50c9e8de78 -> 
  custom:audio-decoder-ogg-vorbis: bf7c407c2cedff20999df2af8eb42d56 -> 
  custom:audio-encoder-webm-vorbis: bf7c407c2cedff20999df2af8eb42d56 -> 
========================================================================
Received Prepare
Registering precompiled user dll's ...
Registered in 0.009399 seconds.
Begin MonoManager ReloadAssembly
Native extension for WindowsStandalone target not found
Native extension for WebGL target not found
Refreshing native plugins compatible for Editor in 0.78 ms, found 2 plugins.
Preloading 0 native plugins for Editor in 0.00 ms.
Mono: successfully reloaded assembly
- Completed reload, in  2.025 seconds
Domain Reload Profiling:
	ReloadAssembly (2026ms)
		BeginReloadAssembly (251ms)
			ExecutionOrderSort (0ms)
			DisableScriptedObjects (13ms)
			BackupInstance (0ms)
			ReleaseScriptingObjects (0ms)
			CreateAndSetChildDomain (69ms)
		EndReloadAssembly (1638ms)
			LoadAssemblies (218ms)
			RebuildTransferFunctionScriptingTraits (0ms)
			SetupTypeCache (623ms)
			ReleaseScriptCaches (1ms)
			RebuildScriptCaches (81ms)
			SetupLoadedEditorAssemblies (570ms)
				LogAssemblyErrors (0ms)
				InitializePlatformSupportModulesInManaged (11ms)
				SetLoadedEditorAssemblies (1ms)
				RefreshPlugins (1ms)
				BeforeProcessingInitializeOnLoad (154ms)
				ProcessInitializeOnLoadAttributes (373ms)
				ProcessInitializeOnLoadMethodAttributes (17ms)
				AfterProcessingInitializeOnLoad (13ms)
				EditorAssembliesLoaded (1ms)
			ExecutionOrderSort2 (0ms)
			AwakeInstancesAfterBackupRestoration (15ms)
Platform modules already initialized, skipping
Refreshing native plugins compatible for Editor in 0.81 ms, found 2 plugins.
Preloading 0 native plugins for Editor in 0.00 ms.
Unloading 1497 Unused Serialized files (Serialized files now loaded: 0)
System memory in use before: 79.7 MB.
System memory in use after: 79.8 MB.

Unloading 11 unused Assets to reduce memory usage. Loaded Objects now: 1955.
Total: 5.892300 ms (FindLiveObjects: 0.276000 ms CreateObjectMapping: 0.099800 ms MarkObjects: 5.471600 ms  DeleteObjects: 0.042000 ms)

AssetImportParameters requested are different than current active one (requested -> active):
  custom:framework-win-MediaFoundation: 216162199b28c13a410421893ffa2e32 -> 
  custom:video-decoder-ogg-theora: a1e56fd34408186e4bbccfd4996cb3dc -> 
  custom:container-muxer-webm: aa71ff27fc2769a1b78a27578f13a17b -> 
  custom:container-demuxer-webm: 4f35f7cbe854078d1ac9338744f61a02 -> 
  custom:container-demuxer-ogg: 62fdf1f143b41e24485cea50d1cbac27 -> 
  custom:video-encoder-webm-vp8: eb34c28f22e8b96e1ab97ce403110664 -> 
  custom:video-decoder-webm-vp8: 9c59270c3fd7afecdb556c50c9e8de78 -> 
  custom:audio-decoder-ogg-vorbis: bf7c407c2cedff20999df2af8eb42d56 -> 
  custom:audio-encoder-webm-vorbis: bf7c407c2cedff20999df2af8eb42d56 -> 
========================================================================
Received Prepare
Registering precompiled user dll's ...
Registered in 0.007770 seconds.
Begin MonoManager ReloadAssembly
Native extension for WindowsStandalone target not found
Native extension for WebGL target not found
Refreshing native plugins compatible for Editor in 1.00 ms, found 2 plugins.
Preloading 0 native plugins for Editor in 0.00 ms.
Mono: successfully reloaded assembly
- Completed reload, in  1.973 seconds
Domain Reload Profiling:
	ReloadAssembly (1974ms)
		BeginReloadAssembly (223ms)
			ExecutionOrderSort (0ms)
			DisableScriptedObjects (11ms)
			BackupInstance (0ms)
			ReleaseScriptingObjects (0ms)
			CreateAndSetChildDomain (61ms)
		EndReloadAssembly (1614ms)
			LoadAssemblies (220ms)
			RebuildTransferFunctionScriptingTraits (0ms)
			SetupTypeCache (558ms)
			ReleaseScriptCaches (2ms)
			RebuildScriptCaches (77ms)
			SetupLoadedEditorAssemblies (581ms)
				LogAssemblyErrors (0ms)
				InitializePlatformSupportModulesInManaged (14ms)
				SetLoadedEditorAssemblies (1ms)
				RefreshPlugins (1ms)
				BeforeProcessingInitializeOnLoad (157ms)
				ProcessInitializeOnLoadAttributes (374ms)
				ProcessInitializeOnLoadMethodAttributes (19ms)
				AfterProcessingInitializeOnLoad (14ms)
				EditorAssembliesLoaded (1ms)
			ExecutionOrderSort2 (0ms)
			AwakeInstancesAfterBackupRestoration (15ms)
Platform modules already initialized, skipping
Refreshing native plugins compatible for Editor in 0.98 ms, found 2 plugins.
Preloading 0 native plugins for Editor in 0.00 ms.
Unloading 1500 Unused Serialized files (Serialized files now loaded: 0)
System memory in use before: 79.8 MB.
System memory in use after: 79.9 MB.

Unloading 11 unused Assets to reduce memory usage. Loaded Objects now: 1960.
Total: 5.717900 ms (FindLiveObjects: 0.308600 ms CreateObjectMapping: 0.104600 ms MarkObjects: 5.248600 ms  DeleteObjects: 0.053200 ms)

AssetImportParameters requested are different than current active one (requested -> active):
  custom:framework-win-MediaFoundation: 216162199b28c13a410421893ffa2e32 -> 
  custom:video-decoder-ogg-theora: a1e56fd34408186e4bbccfd4996cb3dc -> 
  custom:container-muxer-webm: aa71ff27fc2769a1b78a27578f13a17b -> 
  custom:container-demuxer-webm: 4f35f7cbe854078d1ac9338744f61a02 -> 
  custom:container-demuxer-ogg: 62fdf1f143b41e24485cea50d1cbac27 -> 
  custom:video-encoder-webm-vp8: eb34c28f22e8b96e1ab97ce403110664 -> 
  custom:video-decoder-webm-vp8: 9c59270c3fd7afecdb556c50c9e8de78 -> 
  custom:audio-decoder-ogg-vorbis: bf7c407c2cedff20999df2af8eb42d56 -> 
  custom:audio-encoder-webm-vorbis: bf7c407c2cedff20999df2af8eb42d56 -> 
========================================================================
Received Import Request.
  Time since last request: 905.396327 seconds.
  path: Assets/FantasyCharactersLite/readme.txt
  artifactKey: Guid(409f5ed720767b245807ee020d076b2b) Importer(815301076,1909f56bfc062723c751e8b465ee728b)
Start importing Assets/FantasyCharactersLite/readme.txt using Guid(409f5ed720767b245807ee020d076b2b) Importer(815301076,1909f56bfc062723c751e8b465ee728b)  -> (artifact id: 'ca66bbcbed6887d79503d2f96c981bf3') in 0.054124 seconds 
  Import took 0.060141 seconds .

========================================================================
Received Import Request.
  Time since last request: 7.375025 seconds.
  path: Assets/FantasyCharactersLite/Prefabs
  artifactKey: Guid(b85d9ce772c6e344ead7b3c49e769ba4) Importer(815301076,1909f56bfc062723c751e8b465ee728b)
Start importing Assets/FantasyCharactersLite/Prefabs using Guid(b85d9ce772c6e344ead7b3c49e769ba4) Importer(815301076,1909f56bfc062723c751e8b465ee728b)  -> (artifact id: 'ce42370be9269f4bed6825837a1edc4e') in 0.021701 seconds 
  Import took 0.027057 seconds .

========================================================================
Received Import Request.
  Time since last request: 0.594184 seconds.
  path: Assets/FantasyCharactersLite/Models
  artifactKey: Guid(fefcf6990b984da4d9f9fc9cf3002fa0) Importer(815301076,1909f56bfc062723c751e8b465ee728b)
Start importing Assets/FantasyCharactersLite/Models using Guid(fefcf6990b984da4d9f9fc9cf3002fa0) Importer(815301076,1909f56bfc062723c751e8b465ee728b)  -> (artifact id: '5b0cfa1a2413103f1fa8fdbd1b338a3d') in 0.016319 seconds 
  Import took 0.022282 seconds .

========================================================================
Received Import Request.
  Time since last request: 0.502645 seconds.
  path: Assets/FantasyCharactersLite/Models/Clothes
  artifactKey: Guid(ad7adaedbc70cd849a50313a4729e85a) Importer(815301076,1909f56bfc062723c751e8b465ee728b)
Start importing Assets/FantasyCharactersLite/Models/Clothes using Guid(ad7adaedbc70cd849a50313a4729e85a) Importer(815301076,1909f56bfc062723c751e8b465ee728b)  -> (artifact id: '81b77ab0b7e13d168f102f401822d206') in 0.012445 seconds 
  Import took 0.018515 seconds .

========================================================================
Received Import Request.
  Time since last request: 1.551192 seconds.
  path: Assets/FantasyCharactersLite/Models/Characters
  artifactKey: Guid(72a60f8570027cd40af3e32ddf7ff7bb) Importer(815301076,1909f56bfc062723c751e8b465ee728b)
Start importing Assets/FantasyCharactersLite/Models/Characters using Guid(72a60f8570027cd40af3e32ddf7ff7bb) Importer(815301076,1909f56bfc062723c751e8b465ee728b)  -> (artifact id: 'bea04a2c492d8663fcd3420a8d93d8cd') in 0.015189 seconds 
  Import took 0.020693 seconds .

========================================================================
Received Import Request.
  Time since last request: 0.059244 seconds.
  path: Assets/FantasyCharactersLite/Models/Characters/MaleChar.fbx
  artifactKey: Guid(7998a21e3e70bb3449328b5cfab58522) Importer(815301076,1909f56bfc062723c751e8b465ee728b)
Start importing Assets/FantasyCharactersLite/Models/Characters/MaleChar.fbx using Guid(7998a21e3e70bb3449328b5cfab58522) Importer(815301076,1909f56bfc062723c751e8b465ee728b)  -> (artifact id: 'af2f9bddd974def04913fc797f84645e') in 0.908030 seconds 
  Import took 0.914080 seconds .

========================================================================
Received Import Request.
  Time since last request: 15.036180 seconds.
  path: Assets/FantasyCharactersLite/Models/Characters/Materials
  artifactKey: Guid(f5718e682e974634b88f9e145aa77b24) Importer(815301076,1909f56bfc062723c751e8b465ee728b)
Start importing Assets/FantasyCharactersLite/Models/Characters/Materials using Guid(f5718e682e974634b88f9e145aa77b24) Importer(815301076,1909f56bfc062723c751e8b465ee728b)  -> (artifact id: '0375562581437caf2afbf117e265f16e') in 0.016213 seconds 
  Import took 0.021026 seconds .

========================================================================
Received Import Request.
  Time since last request: 0.134144 seconds.
  path: Assets/FantasyCharactersLite/Models/Characters/Materials/Male.mat
  artifactKey: Guid(b2977d661ee0bb14b804379051c164f4) Importer(815301076,1909f56bfc062723c751e8b465ee728b)
Start importing Assets/FantasyCharactersLite/Models/Characters/Materials/Male.mat using Guid(b2977d661ee0bb14b804379051c164f4) Importer(815301076,1909f56bfc062723c751e8b465ee728b)  -> (artifact id: 'b8d7b6118431e5e1157cd0eaba005db2') in 0.092299 seconds 
  Import took 0.098736 seconds .

========================================================================
Received Import Request.
  Time since last request: 13.240757 seconds.
  path: Assets/FantasyCharactersLite/Models/Characters/CharTextures
  artifactKey: Guid(3163817460a42c849b61ffbf7740ad2a) Importer(815301076,1909f56bfc062723c751e8b465ee728b)
Start importing Assets/FantasyCharactersLite/Models/Characters/CharTextures using Guid(3163817460a42c849b61ffbf7740ad2a) Importer(815301076,1909f56bfc062723c751e8b465ee728b)  -> (artifact id: 'f7818ca5c336ed5fe83a471d634c6288') in 0.014072 seconds 
  Import took 0.019321 seconds .

========================================================================
Received Import Request.
  Time since last request: 0.123085 seconds.
  path: Assets/FantasyCharactersLite/Models/Characters/CharTextures/MaleAlbedo1.png
  artifactKey: Guid(a8550962179efd5489b857ad1a767465) Importer(815301076,1909f56bfc062723c751e8b465ee728b)
Start importing Assets/FantasyCharactersLite/Models/Characters/CharTextures/MaleAlbedo1.png using Guid(a8550962179efd5489b857ad1a767465) Importer(815301076,1909f56bfc062723c751e8b465ee728b)  -> (artifact id: 'a3c194c91e93d8e29d12aaf5494ef646') in 0.076486 seconds 
  Import took 0.082602 seconds .

========================================================================
Received Import Request.
  Time since last request: 0.000443 seconds.
  path: Assets/FantasyCharactersLite/Models/Characters/CharTextures/MaleNormals.png
  artifactKey: Guid(f5971f2ec085eec43951cd0fb1ec4ef3) Importer(815301076,1909f56bfc062723c751e8b465ee728b)
Start importing Assets/FantasyCharactersLite/Models/Characters/CharTextures/MaleNormals.png using Guid(f5971f2ec085eec43951cd0fb1ec4ef3) Importer(815301076,1909f56bfc062723c751e8b465ee728b)  -> (artifact id: '0dc73ccf5d22dd07109fd1488b3f974c') in 0.085658 seconds 
  Import took 0.090983 seconds .

========================================================================
Received Import Request.
  Time since last request: 0.000528 seconds.
  path: Assets/FantasyCharactersLite/Models/Characters/CharTextures/MaleAlbedo2.png
  artifactKey: Guid(f0d6c817265947947973923f34a6a565) Importer(815301076,1909f56bfc062723c751e8b465ee728b)
Start importing Assets/FantasyCharactersLite/Models/Characters/CharTextures/MaleAlbedo2.png using Guid(f0d6c817265947947973923f34a6a565) Importer(815301076,1909f56bfc062723c751e8b465ee728b)  -> (artifact id: '6c803b9edf23cad5e9115ead9fca383c') in 0.115709 seconds 
  Import took 0.121666 seconds .

========================================================================
Received Import Request.
  Time since last request: 71.352717 seconds.
  path: Assets/FantasyCharactersLite/Animations/CharAnimations.fbx
  artifactKey: Guid(b40ab5da05f93df42b3865c15327682b) Importer(815301076,1909f56bfc062723c751e8b465ee728b)
Start importing Assets/FantasyCharactersLite/Animations/CharAnimations.fbx using Guid(b40ab5da05f93df42b3865c15327682b) Importer(815301076,1909f56bfc062723c751e8b465ee728b)  -> (artifact id: '4eeade889a0c430a7448e79f3d4a11e5') in 0.034319 seconds 
  Import took 0.040248 seconds .

========================================================================
Received Import Request.
  Time since last request: 0.000183 seconds.
  path: Assets/FantasyCharactersLite/Models/Clothes/WarriorMale.fbx
  artifactKey: Guid(a92be6a873630524d9d028c77563aa62) Importer(815301076,1909f56bfc062723c751e8b465ee728b)
Start importing Assets/FantasyCharactersLite/Models/Clothes/WarriorMale.fbx using Guid(a92be6a873630524d9d028c77563aa62) Importer(815301076,1909f56bfc062723c751e8b465ee728b)  -> (artifact id: '5f53d969de51fe397d859ee20f022ebb') in 0.865142 seconds 
  Import took 0.872115 seconds .

========================================================================
Received Import Request.
  Time since last request: 75.280224 seconds.
  path: Assets/FantasyCharactersLite/Models/Clothes/ClothesTextures
  artifactKey: Guid(2a6726dd09ed71e4d8f5fe1e6759c14f) Importer(815301076,1909f56bfc062723c751e8b465ee728b)
Start importing Assets/FantasyCharactersLite/Models/Clothes/ClothesTextures using Guid(2a6726dd09ed71e4d8f5fe1e6759c14f) Importer(815301076,1909f56bfc062723c751e8b465ee728b)  -> (artifact id: 'af5f2a68200bd0b6f94d4ed9dec73995') in 0.012082 seconds 
  Import took 0.017333 seconds .

========================================================================
Received Import Request.
  Time since last request: 0.140013 seconds.
  path: Assets/FantasyCharactersLite/Models/Clothes/ClothesTextures/WarriorMalAlbedo1.png
  artifactKey: Guid(34c37e8bd6f881e43803f88eb2f65946) Importer(815301076,1909f56bfc062723c751e8b465ee728b)
Start importing Assets/FantasyCharactersLite/Models/Clothes/ClothesTextures/WarriorMalAlbedo1.png using Guid(34c37e8bd6f881e43803f88eb2f65946) Importer(815301076,1909f56bfc062723c751e8b465ee728b)  -> (artifact id: '11dd34bb81ddb0fb2094fa955254f8e9') in 0.066572 seconds 
  Import took 0.072161 seconds .

========================================================================
Received Import Request.
  Time since last request: 0.000585 seconds.
  path: Assets/FantasyCharactersLite/Models/Clothes/ClothesTextures/WarriorMalAlbedo2.png
  artifactKey: Guid(989dd9c772cb7384f9065134195d95d4) Importer(815301076,1909f56bfc062723c751e8b465ee728b)
Start importing Assets/FantasyCharactersLite/Models/Clothes/ClothesTextures/WarriorMalAlbedo2.png using Guid(989dd9c772cb7384f9065134195d95d4) Importer(815301076,1909f56bfc062723c751e8b465ee728b)  -> (artifact id: '00bf7ccf0520c770df58635212857294') in 0.042245 seconds 
  Import took 0.047720 seconds .

========================================================================
Received Import Request.
  Time since last request: 0.000354 seconds.
  path: Assets/FantasyCharactersLite/Models/Clothes/ClothesTextures/WarriorMalNormals.png
  artifactKey: Guid(7d9ca160e496944479edb89578b92a48) Importer(815301076,1909f56bfc062723c751e8b465ee728b)
Start importing Assets/FantasyCharactersLite/Models/Clothes/ClothesTextures/WarriorMalNormals.png using Guid(7d9ca160e496944479edb89578b92a48) Importer(815301076,1909f56bfc062723c751e8b465ee728b)  -> (artifact id: '86abb6ed0550473e22fdfe53d2dac712') in 0.067849 seconds 
  Import took 0.072348 seconds .

========================================================================
Received Import Request.
  Time since last request: 20.291229 seconds.
  path: Assets/FantasyCharactersLite/Models/Weapons/Materials/Weapons.mat
  artifactKey: Guid(7e2bc460fa7e6814e8f4bd60a48324f0) Importer(815301076,1909f56bfc062723c751e8b465ee728b)
Start importing Assets/FantasyCharactersLite/Models/Weapons/Materials/Weapons.mat using Guid(7e2bc460fa7e6814e8f4bd60a48324f0) Importer(815301076,1909f56bfc062723c751e8b465ee728b)  -> (artifact id: 'e86671afde7df5dc4a94202663fcf0c6') in 0.360671 seconds 
  Import took 0.365950 seconds .

========================================================================
Received Import Request.
  Time since last request: 22.424969 seconds.
  path: Assets/FantasyCharactersLite/Prefabs/Example1.prefab
  artifactKey: Guid(a29bc099939289b4ba9888d313c76b15) Importer(815301076,1909f56bfc062723c751e8b465ee728b)
Start importing Assets/FantasyCharactersLite/Prefabs/Example1.prefab using Guid(a29bc099939289b4ba9888d313c76b15) Importer(815301076,1909f56bfc062723c751e8b465ee728b)  -> (artifact id: '4e0c171132e7367e7442adfdfe00624c') in 0.108125 seconds 
  Import took 0.116143 seconds .

========================================================================
Received Import Request.
  Time since last request: 0.000391 seconds.
  path: Assets/FantasyCharactersLite/Prefabs/MaleChar.prefab
  artifactKey: Guid(04b20f479b608564abcf7fddcbd051b8) Importer(815301076,1909f56bfc062723c751e8b465ee728b)
Start importing Assets/FantasyCharactersLite/Prefabs/MaleChar.prefab using Guid(04b20f479b608564abcf7fddcbd051b8) Importer(815301076,1909f56bfc062723c751e8b465ee728b)  -> (artifact id: 'a825bd91931c06101ef2580145c6401a') in 0.247271 seconds 
  Import took 0.257952 seconds .

========================================================================
Received Import Request.
  Time since last request: 3.128985 seconds.
  path: Assets/FantasyCharactersLite/Scenes/DemoLiteSettings.lighting
  artifactKey: Guid(41f1b989c32adba4d9162ae352c03062) Importer(815301076,1909f56bfc062723c751e8b465ee728b)
Start importing Assets/FantasyCharactersLite/Scenes/DemoLiteSettings.lighting using Guid(41f1b989c32adba4d9162ae352c03062) Importer(815301076,1909f56bfc062723c751e8b465ee728b) LightingSettings: switching bake backend from 1 to 0.
 -> (artifact id: '5d2e629fbc800871f4b616aeac06a610') in 0.017052 seconds 
  Import took 0.022731 seconds .

========================================================================
Received Import Request.
  Time since last request: 0.980564 seconds.
  path: Assets/FantasyCharactersLite/Scenes/DemoLite.unity
  artifactKey: Guid(1ca957d321dd26b4ebf884219ed973b2) Importer(815301076,1909f56bfc062723c751e8b465ee728b)
Start importing Assets/FantasyCharactersLite/Scenes/DemoLite.unity using Guid(1ca957d321dd26b4ebf884219ed973b2) Importer(815301076,1909f56bfc062723c751e8b465ee728b)  -> (artifact id: 'bd7a8f0e31d1605cddd45a741d2d8fcf') in 0.017614 seconds 
  Import took 0.024109 seconds .

========================================================================
Received Import Request.
  Time since last request: 7.212288 seconds.
  path: Assets/FantasyCharactersLite/Skybox/Floor.mat
  artifactKey: Guid(2e6960320ed74c74cb3263de51edc54c) Importer(815301076,1909f56bfc062723c751e8b465ee728b)
Start importing Assets/FantasyCharactersLite/Skybox/Floor.mat using Guid(2e6960320ed74c74cb3263de51edc54c) Importer(815301076,1909f56bfc062723c751e8b465ee728b)  -> (artifact id: '34e2e94d8992b0a22f27ba2b879cd804') in 0.629807 seconds 
  Import took 0.634934 seconds .

========================================================================
Received Import Request.
  Time since last request: 0.000448 seconds.
  path: Assets/FantasyCharactersLite/Skybox/Skybox.mat
  artifactKey: Guid(569e1c71f99ab56438441cf4d26345c8) Importer(815301076,1909f56bfc062723c751e8b465ee728b)
Start importing Assets/FantasyCharactersLite/Skybox/Skybox.mat using Guid(569e1c71f99ab56438441cf4d26345c8) Importer(815301076,1909f56bfc062723c751e8b465ee728b)  -> (artifact id: 'a0a2769d4f597be547b7d84c932b1179') in 0.203584 seconds 
  Import took 0.208395 seconds .

========================================================================
Received Import Request.
  Time since last request: 0.000440 seconds.
  path: Assets/FantasyCharactersLite/Skybox/SkyboxSolid.mat
  artifactKey: Guid(6c23b99848a6b8f479f2d5b84adbb6c8) Importer(815301076,1909f56bfc062723c751e8b465ee728b)
Start importing Assets/FantasyCharactersLite/Skybox/SkyboxSolid.mat using Guid(6c23b99848a6b8f479f2d5b84adbb6c8) Importer(815301076,1909f56bfc062723c751e8b465ee728b)  -> (artifact id: 'c3252c4a312761de8412c1ce6e222a00') in 0.560252 seconds 
  Import took 0.565463 seconds .

========================================================================
Received Prepare
Registering precompiled user dll's ...
Registered in 0.005697 seconds.
Begin MonoManager ReloadAssembly
Native extension for WindowsStandalone target not found
Native extension for WebGL target not found
Refreshing native plugins compatible for Editor in 0.79 ms, found 2 plugins.
Preloading 0 native plugins for Editor in 0.00 ms.
Mono: successfully reloaded assembly
- Completed reload, in  2.081 seconds
Domain Reload Profiling:
	ReloadAssembly (2082ms)
		BeginReloadAssembly (227ms)
			ExecutionOrderSort (0ms)
			DisableScriptedObjects (9ms)
			BackupInstance (0ms)
			ReleaseScriptingObjects (0ms)
			CreateAndSetChildDomain (68ms)
		EndReloadAssembly (1701ms)
			LoadAssemblies (228ms)
			RebuildTransferFunctionScriptingTraits (0ms)
			SetupTypeCache (587ms)
			ReleaseScriptCaches (2ms)
			RebuildScriptCaches (101ms)
			SetupLoadedEditorAssemblies (605ms)
				LogAssemblyErrors (0ms)
				InitializePlatformSupportModulesInManaged (11ms)
				SetLoadedEditorAssemblies (1ms)
				RefreshPlugins (1ms)
				BeforeProcessingInitializeOnLoad (158ms)
				ProcessInitializeOnLoadAttributes (403ms)
				ProcessInitializeOnLoadMethodAttributes (17ms)
				AfterProcessingInitializeOnLoad (14ms)
				EditorAssembliesLoaded (0ms)
			ExecutionOrderSort2 (0ms)
			AwakeInstancesAfterBackupRestoration (14ms)
Platform modules already initialized, skipping
Refreshing native plugins compatible for Editor in 0.79 ms, found 2 plugins.
Preloading 0 native plugins for Editor in 0.00 ms.
Unloading 1500 Unused Serialized files (Serialized files now loaded: 0)
System memory in use before: 83.7 MB.
System memory in use after: 83.8 MB.

Unloading 11 unused Assets to reduce memory usage. Loaded Objects now: 2009.
Total: 5.408800 ms (FindLiveObjects: 0.290000 ms CreateObjectMapping: 0.111700 ms MarkObjects: 4.952000 ms  DeleteObjects: 0.052100 ms)

AssetImportParameters requested are different than current active one (requested -> active):
  custom:framework-win-MediaFoundation: 216162199b28c13a410421893ffa2e32 -> 
  custom:video-decoder-ogg-theora: a1e56fd34408186e4bbccfd4996cb3dc -> 
  custom:container-muxer-webm: aa71ff27fc2769a1b78a27578f13a17b -> 
  custom:container-demuxer-webm: 4f35f7cbe854078d1ac9338744f61a02 -> 
  custom:container-demuxer-ogg: 62fdf1f143b41e24485cea50d1cbac27 -> 
  custom:video-encoder-webm-vp8: eb34c28f22e8b96e1ab97ce403110664 -> 
  custom:video-decoder-webm-vp8: 9c59270c3fd7afecdb556c50c9e8de78 -> 
  custom:audio-decoder-ogg-vorbis: bf7c407c2cedff20999df2af8eb42d56 -> 
  custom:audio-encoder-webm-vorbis: bf7c407c2cedff20999df2af8eb42d56 -> 
========================================================================
Received Prepare
Registering precompiled user dll's ...
Registered in 0.005396 seconds.
Begin MonoManager ReloadAssembly
Native extension for WindowsStandalone target not found
Native extension for WebGL target not found
Refreshing native plugins compatible for Editor in 0.81 ms, found 2 plugins.
Preloading 0 native plugins for Editor in 0.00 ms.
Mono: successfully reloaded assembly
- Completed reload, in  2.072 seconds
Domain Reload Profiling:
	ReloadAssembly (2073ms)
		BeginReloadAssembly (221ms)
			ExecutionOrderSort (0ms)
			DisableScriptedObjects (10ms)
			BackupInstance (0ms)
			ReleaseScriptingObjects (0ms)
			CreateAndSetChildDomain (58ms)
		EndReloadAssembly (1716ms)
			LoadAssemblies (232ms)
			RebuildTransferFunctionScriptingTraits (0ms)
			SetupTypeCache (593ms)
			ReleaseScriptCaches (2ms)
			RebuildScriptCaches (95ms)
			SetupLoadedEditorAssemblies (590ms)
				LogAssemblyErrors (0ms)
				InitializePlatformSupportModulesInManaged (13ms)
				SetLoadedEditorAssemblies (1ms)
				RefreshPlugins (1ms)
				BeforeProcessingInitializeOnLoad (170ms)
				ProcessInitializeOnLoadAttributes (373ms)
				ProcessInitializeOnLoadMethodAttributes (17ms)
				AfterProcessingInitializeOnLoad (14ms)
				EditorAssembliesLoaded (1ms)
			ExecutionOrderSort2 (0ms)
			AwakeInstancesAfterBackupRestoration (17ms)
Platform modules already initialized, skipping
Refreshing native plugins compatible for Editor in 1.00 ms, found 2 plugins.
Preloading 0 native plugins for Editor in 0.00 ms.
Unloading 1500 Unused Serialized files (Serialized files now loaded: 0)
System memory in use before: 83.7 MB.
System memory in use after: 83.8 MB.

Unloading 11 unused Assets to reduce memory usage. Loaded Objects now: 2011.
Total: 5.788300 ms (FindLiveObjects: 0.288600 ms CreateObjectMapping: 0.104400 ms MarkObjects: 5.332500 ms  DeleteObjects: 0.059900 ms)

AssetImportParameters requested are different than current active one (requested -> active):
  custom:framework-win-MediaFoundation: 216162199b28c13a410421893ffa2e32 -> 
  custom:video-decoder-ogg-theora: a1e56fd34408186e4bbccfd4996cb3dc -> 
  custom:container-muxer-webm: aa71ff27fc2769a1b78a27578f13a17b -> 
  custom:container-demuxer-webm: 4f35f7cbe854078d1ac9338744f61a02 -> 
  custom:container-demuxer-ogg: 62fdf1f143b41e24485cea50d1cbac27 -> 
  custom:video-encoder-webm-vp8: eb34c28f22e8b96e1ab97ce403110664 -> 
  custom:video-decoder-webm-vp8: 9c59270c3fd7afecdb556c50c9e8de78 -> 
  custom:audio-decoder-ogg-vorbis: bf7c407c2cedff20999df2af8eb42d56 -> 
  custom:audio-encoder-webm-vorbis: bf7c407c2cedff20999df2af8eb42d56 -> 
========================================================================
Received Prepare
Registering precompiled user dll's ...
Registered in 0.006326 seconds.
Begin MonoManager ReloadAssembly
Native extension for WindowsStandalone target not found
Native extension for WebGL target not found
Refreshing native plugins compatible for Editor in 0.79 ms, found 2 plugins.
Preloading 0 native plugins for Editor in 0.00 ms.
Mono: successfully reloaded assembly
- Completed reload, in  2.098 seconds
Domain Reload Profiling:
	ReloadAssembly (2100ms)
		BeginReloadAssembly (242ms)
			ExecutionOrderSort (0ms)
			DisableScriptedObjects (9ms)
			BackupInstance (0ms)
			ReleaseScriptingObjects (0ms)
			CreateAndSetChildDomain (70ms)
		EndReloadAssembly (1707ms)
			LoadAssemblies (244ms)
			RebuildTransferFunctionScriptingTraits (0ms)
			SetupTypeCache (588ms)
			ReleaseScriptCaches (2ms)
			RebuildScriptCaches (97ms)
			SetupLoadedEditorAssemblies (602ms)
				LogAssemblyErrors (0ms)
				InitializePlatformSupportModulesInManaged (12ms)
				SetLoadedEditorAssemblies (1ms)
				RefreshPlugins (1ms)
				BeforeProcessingInitializeOnLoad (170ms)
				ProcessInitializeOnLoadAttributes (386ms)
				ProcessInitializeOnLoadMethodAttributes (18ms)
				AfterProcessingInitializeOnLoad (14ms)
				EditorAssembliesLoaded (1ms)
			ExecutionOrderSort2 (0ms)
			AwakeInstancesAfterBackupRestoration (15ms)
Platform modules already initialized, skipping
Refreshing native plugins compatible for Editor in 0.80 ms, found 2 plugins.
Preloading 0 native plugins for Editor in 0.00 ms.
Unloading 1500 Unused Serialized files (Serialized files now loaded: 0)
System memory in use before: 83.7 MB.
System memory in use after: 83.8 MB.

Unloading 11 unused Assets to reduce memory usage. Loaded Objects now: 2013.
Total: 7.142200 ms (FindLiveObjects: 0.398400 ms CreateObjectMapping: 0.106400 ms MarkObjects: 6.577400 ms  DeleteObjects: 0.057100 ms)

AssetImportParameters requested are different than current active one (requested -> active):
  custom:framework-win-MediaFoundation: 216162199b28c13a410421893ffa2e32 -> 
  custom:video-decoder-ogg-theora: a1e56fd34408186e4bbccfd4996cb3dc -> 
  custom:container-muxer-webm: aa71ff27fc2769a1b78a27578f13a17b -> 
  custom:container-demuxer-webm: 4f35f7cbe854078d1ac9338744f61a02 -> 
  custom:container-demuxer-ogg: 62fdf1f143b41e24485cea50d1cbac27 -> 
  custom:video-encoder-webm-vp8: eb34c28f22e8b96e1ab97ce403110664 -> 
  custom:video-decoder-webm-vp8: 9c59270c3fd7afecdb556c50c9e8de78 -> 
  custom:audio-decoder-ogg-vorbis: bf7c407c2cedff20999df2af8eb42d56 -> 
  custom:audio-encoder-webm-vorbis: bf7c407c2cedff20999df2af8eb42d56 -> 
========================================================================
Received Prepare
Registering precompiled user dll's ...
Registered in 0.008205 seconds.
Begin MonoManager ReloadAssembly
Native extension for WindowsStandalone target not found
Native extension for WebGL target not found
Refreshing native plugins compatible for Editor in 0.79 ms, found 2 plugins.
Preloading 0 native plugins for Editor in 0.00 ms.
Mono: successfully reloaded assembly
- Completed reload, in  1.854 seconds
Domain Reload Profiling:
	ReloadAssembly (1855ms)
		BeginReloadAssembly (219ms)
			ExecutionOrderSort (0ms)
			DisableScriptedObjects (9ms)
			BackupInstance (0ms)
			ReleaseScriptingObjects (0ms)
			CreateAndSetChildDomain (56ms)
		EndReloadAssembly (1511ms)
			LoadAssemblies (195ms)
			RebuildTransferFunctionScriptingTraits (0ms)
			SetupTypeCache (503ms)
			ReleaseScriptCaches (1ms)
			RebuildScriptCaches (78ms)
			SetupLoadedEditorAssemblies (581ms)
				LogAssemblyErrors (0ms)
				InitializePlatformSupportModulesInManaged (11ms)
				SetLoadedEditorAssemblies (1ms)
				RefreshPlugins (1ms)
				BeforeProcessingInitializeOnLoad (157ms)
				ProcessInitializeOnLoadAttributes (378ms)
				ProcessInitializeOnLoadMethodAttributes (19ms)
				AfterProcessingInitializeOnLoad (14ms)
				EditorAssembliesLoaded (1ms)
			ExecutionOrderSort2 (0ms)
			AwakeInstancesAfterBackupRestoration (15ms)
Platform modules already initialized, skipping
Refreshing native plugins compatible for Editor in 0.77 ms, found 2 plugins.
Preloading 0 native plugins for Editor in 0.00 ms.
Unloading 1500 Unused Serialized files (Serialized files now loaded: 0)
System memory in use before: 83.7 MB.
System memory in use after: 83.8 MB.

Unloading 11 unused Assets to reduce memory usage. Loaded Objects now: 2015.
Total: 5.119500 ms (FindLiveObjects: 0.272600 ms CreateObjectMapping: 0.100800 ms MarkObjects: 4.700100 ms  DeleteObjects: 0.043700 ms)

AssetImportParameters requested are different than current active one (requested -> active):
  custom:framework-win-MediaFoundation: 216162199b28c13a410421893ffa2e32 -> 
  custom:video-decoder-ogg-theora: a1e56fd34408186e4bbccfd4996cb3dc -> 
  custom:container-muxer-webm: aa71ff27fc2769a1b78a27578f13a17b -> 
  custom:container-demuxer-webm: 4f35f7cbe854078d1ac9338744f61a02 -> 
  custom:container-demuxer-ogg: 62fdf1f143b41e24485cea50d1cbac27 -> 
  custom:video-encoder-webm-vp8: eb34c28f22e8b96e1ab97ce403110664 -> 
  custom:video-decoder-webm-vp8: 9c59270c3fd7afecdb556c50c9e8de78 -> 
  custom:audio-decoder-ogg-vorbis: bf7c407c2cedff20999df2af8eb42d56 -> 
  custom:audio-encoder-webm-vorbis: bf7c407c2cedff20999df2af8eb42d56 -> 
AssetImportWorkerClient::OnTransportError - code=2 error=End of file
